<?xml version="1.0" encoding="UTF-8"?>
<!-- Generated by org.testng.reporters.JUnitReportReporter -->
<testsuite name="test.HotelBookingTest" tests="1" time="9.006" ignored="0" failures="0" timestamp="21 May 2019 09:51:34 GMT" skipped="0" hostname="MONANAND-LAP" errors="0">
  <testcase name="testHotelBooking" time="9.006" classname="test.HotelBookingTest"/>
</testsuite> <!-- test.HotelBookingTest -->
