<?xml version="1.0" encoding="UTF-8"?>
<!-- Generated by org.testng.reporters.JUnitReportReporter -->
<testsuite name="test.FlightBookingTest" tests="1" time="9.535" ignored="0" failures="0" timestamp="21 May 2019 12:20:24 GMT" skipped="0" hostname="MONANAND-LAP" errors="0">
  <testcase name="testFlightBooking" time="9.535" classname="test.FlightBookingTest"/>
</testsuite> <!-- test.FlightBookingTest -->
