<?xml version="1.0" encoding="UTF-8"?>
<!-- Generated by org.testng.reporters.JUnitReportReporter -->
<testsuite name="test.SignInTest" tests="1" time="6.152" ignored="0" failures="0" timestamp="21 May 2019 09:04:09 GMT" skipped="0" hostname="MONANAND-LAP" errors="0">
  <testcase name="testSignIn" time="6.152" classname="test.SignInTest"/>
</testsuite> <!-- test.SignInTest -->
