<?xml version="1.0" encoding="UTF-8"?>
<!-- Generated by org.testng.reporters.JUnitReportReporter -->
<testsuite name="test.SignInTest" tests="1" time="5.933" ignored="0" failures="0" timestamp="21 May 2019 16:16:54 GMT" skipped="0" hostname="MONANAND-LAP" errors="0">
  <testcase name="testSignIn" time="5.933" classname="test.SignInTest"/>
</testsuite> <!-- test.SignInTest -->
